\BOOKMARK [-1][-]{part.1}{Kommunikation und Netze}{}% 1
\BOOKMARK [0][-]{chapter.1}{Vorbemerkungen}{part.1}% 2
\BOOKMARK [1][-]{section.1.1}{Begriffe}{chapter.1}% 3
\BOOKMARK [1][-]{section.1.2}{Beispiele der Kommunikation}{chapter.1}% 4
\BOOKMARK [1][-]{section.1.3}{IT-Systeme}{chapter.1}% 5
\BOOKMARK [0][-]{chapter.2}{Nachrichten und Signale}{part.1}% 6
\BOOKMARK [1][-]{section.2.1}{\334bertragung von Signalen}{chapter.2}% 7
\BOOKMARK [1][-]{section.2.2}{Analoge und digitale Signale}{chapter.2}% 8
\BOOKMARK [2][-]{subsection.2.2.1}{Kontinuierliche oder diskrete Signale}{section.2.2}% 9
\BOOKMARK [2][-]{subsection.2.2.2}{Quantisierung von analogen Signalen}{section.2.2}% 10
\BOOKMARK [1][-]{section.2.3}{Schritt- und \334bertragungsgeschwindigkeit}{chapter.2}% 11
\BOOKMARK [2][-]{subsection.2.3.1}{\334bertragungsgeschwindigkeit}{section.2.3}% 12
\BOOKMARK [1][-]{section.2.4}{\334bertragungsmedien}{chapter.2}% 13
\BOOKMARK [2][-]{subsection.2.4.1}{Bemerkungen}{section.2.4}% 14
\BOOKMARK [0][-]{chapter.3}{Daten\374bertragung}{part.1}% 15
\BOOKMARK [1][-]{section.3.1}{Spannungs-Zeit-Diagramm}{chapter.3}% 16
\BOOKMARK [1][-]{section.3.2}{Modulationsarten}{chapter.3}% 17
\BOOKMARK [2][-]{subsection.3.2.1}{Modulierung als Rechtecksignale}{section.3.2}% 18
\BOOKMARK [2][-]{subsection.3.2.2}{Frequenzmodulation}{section.3.2}% 19
\BOOKMARK [2][-]{subsection.3.2.3}{Amplitudenmodulation}{section.3.2}% 20
\BOOKMARK [2][-]{subsection.3.2.4}{Phasenumtastung}{section.3.2}% 21
\BOOKMARK [1][-]{section.3.3}{Gleichzeitige \334bertragung mehrerer Nachrichten \(Multiplexverfahren\)}{chapter.3}% 22
\BOOKMARK [1][-]{section.3.4}{Hardwarebandbreite und Bit\374bertragung}{chapter.3}% 23
\BOOKMARK [1][-]{section.3.5}{Nyquist-Theorem}{chapter.3}% 24
\BOOKMARK [1][-]{section.3.6}{Handshake und Betriebsarten}{chapter.3}% 25
\BOOKMARK [1][-]{section.3.7}{Ethernet}{chapter.3}% 26
\BOOKMARK [1][-]{section.3.8}{Paket}{chapter.3}% 27
\BOOKMARK [1][-]{section.3.9}{Betriebsarten}{chapter.3}% 28
\BOOKMARK [0][-]{chapter.4}{Computernetze}{part.1}% 29
\BOOKMARK [1][-]{section.4.1}{Netztopologien}{chapter.4}% 30
\BOOKMARK [1][-]{section.4.2}{Sterntopologie}{chapter.4}% 31
\BOOKMARK [1][-]{section.4.3}{Ringtopologie}{chapter.4}% 32
\BOOKMARK [1][-]{section.4.4}{Maschentopologie}{chapter.4}% 33
\BOOKMARK [1][-]{section.4.5}{Baumtopologie}{chapter.4}% 34
\BOOKMARK [1][-]{section.4.6}{Zugriffsverfahren}{chapter.4}% 35
\BOOKMARK [2][-]{subsection.4.6.1}{Vor\374berlegung Signallaufzeit}{section.4.6}% 36
\BOOKMARK [2][-]{subsection.4.6.2}{Deterministische Zugriffsverfahren}{section.4.6}% 37
\BOOKMARK [2][-]{subsection.4.6.3}{Stochastische Zugriffsverfahren}{section.4.6}% 38
